### 07.06.2024 18:45:27
Произошел вход на страницу about

### 07.06.2024 18:46:57
Произошел вход на страницу index

### 07.06.2024 18:47:01
Произошел вход на страницу index

### 07.06.2024 18:47:02
Произошел вход на страницу gallery

### 07.06.2024 18:47:04
Произошел вход на страницу about

### 07.06.2024 18:47:05
Произошел вход на страницу about

### 07.06.2024 18:47:06
Произошел вход на страницу catalog

### 07.06.2024 18:47:07
Произошел вход на страницу tasks

### 07.06.2024 18:47:07
Произошел вход на страницу gallery

### 07.06.2024 18:47:11
Произошел вход на страницу index

