### 07.06.2024 18:47:13
Произошел вход на страницу catalog

### 07.06.2024 18:47:16
Произошел вход на страницу gallery

### 07.06.2024 18:47:17
Произошел вход на страницу tasks

### 07.06.2024 18:47:17
Произошел вход на страницу index

### 07.06.2024 18:47:18
Произошел вход на страницу catalog

### 07.06.2024 18:47:21
Произошел вход на страницу about

### 07.06.2024 18:47:22
Произошел вход на страницу catalog

### 07.06.2024 18:47:22
Произошел вход на страницу index

### 07.06.2024 18:47:23
Произошел вход на страницу index

### 07.06.2024 18:47:24
Произошел вход на страницу gallery

